# JRE version: OpenJDK Runtime Environment Corretto-17.0.6.10.1 (17.0.6+10) (build 17.0.6+10-LTS)
# Java VM: OpenJDK 64-Bit Server VM Corretto-17.0.6.10.1 (17.0.6+10-LTS, mixed mode, sharing, tiered, compressed oops, compressed class ptrs, g1 gc, windows-amd64)
GC Precious Log:
 CPUs: 8 total, 8 available
 Memory: 14266M
 Large Page Support: Disabled
 NUMA Support: Disabled
 Compressed Oops: Enabled (32-bit)
 Heap Region Size: 1M
 Heap Min Capacity: 8M
 Heap Initial Capacity: 224M
 Heap Max Capacity: 2G
 Pre-touch: Disabled
 Parallel Workers: 8
 Concurrent Workers: 2
 Concurrent Refinement Workers: 8
 Periodic GC: Disabled
Heap:
 garbage-first heap   total 485376K, used 347416K [0x0000000080000000, 0x0000000100000000)
  region size 1024K, 71 young (72704K), 11 survivors (11264K)
 Metaspace       used 222329K, committed 223872K, reserved 1245184K
  class space    used 29577K, committed 30336K, reserved 1048576K
GC Heap History (20 events):
Event: 271.002 GC heap before
{Heap before GC invocations=69 (full 0):
 garbage-first heap   total 459776K, used 382944K [0x0000000080000000, 0x0000000100000000)
  region size 1024K, 134 young (137216K), 3 survivors (3072K)
 Metaspace       used 167255K, committed 168512K, reserved 1196032K
  class space    used 22182K, committed 22784K, reserved 1048576K
}
Event: 271.011 GC heap after
{Heap after GC invocations=70 (full 0):
 garbage-first heap   total 459776K, used 258165K [0x0000000080000000, 0x0000000100000000)
  region size 1024K, 11 young (11264K), 11 survivors (11264K)
 Metaspace       used 167255K, committed 168512K, reserved 1196032K
  class space    used 22182K, committed 22784K, reserved 1048576K
}
Event: 281.101 GC heap before
{Heap before GC invocations=71 (full 0):
 garbage-first heap   total 462848K, used 381045K [0x0000000080000000, 0x0000000100000000)
  region size 1024K, 133 young (136192K), 11 survivors (11264K)
 Metaspace       used 171719K, committed 172928K, reserved 1204224K
  class space    used 22585K, committed 23168K, reserved 1048576K
}
Event: 281.114 GC heap after
{Heap after GC invocations=72 (full 0):
 garbage-first heap   total 462848K, used 264650K [0x0000000080000000, 0x0000000100000000)
  region size 1024K, 8 young (8192K), 8 survivors (8192K)
 Metaspace       used 171719K, committed 172928K, reserved 1204224K
  class space    used 22585K, committed 23168K, reserved 1048576K
}
Event: 282.967 GC heap before
{Heap before GC invocations=72 (full 0):
 garbage-first heap   total 462848K, used 277962K [0x0000000080000000, 0x0000000100000000)
  region size 1024K, 22 young (22528K), 8 survivors (8192K)
 Metaspace       used 171732K, committed 172992K, reserved 1204224K
  class space    used 22585K, committed 23168K, reserved 1048576K
}
Event: 282.974 GC heap after
{Heap after GC invocations=73 (full 0):
 garbage-first heap   total 462848K, used 258225K [0x0000000080000000, 0x0000000100000000)
  region size 1024K, 3 young (3072K), 3 survivors (3072K)
 Metaspace       used 171732K, committed 172992K, reserved 1204224K
  class space    used 22585K, committed 23168K, reserved 1048576K
}
Event: 286.641 GC heap before
{Heap before GC invocations=73 (full 0):
 garbage-first heap   total 462848K, used 285873K [0x0000000080000000, 0x0000000100000000)
  region size 1024K, 31 young (31744K), 3 survivors (3072K)
 Metaspace       used 172189K, committed 173440K, reserved 1204224K
  class space    used 22646K, committed 23232K, reserved 1048576K
}
Event: 286.644 GC heap after
{Heap after GC invocations=74 (full 0):
 garbage-first heap   total 462848K, used 257019K [0x0000000080000000, 0x0000000100000000)
  region size 1024K, 1 young (1024K), 1 survivors (1024K)
 Metaspace       used 172189K, committed 173440K, reserved 1204224K
  class space    used 22646K, committed 23232K, reserved 1048576K
}
Event: 289.323 GC heap before
{Heap before GC invocations=75 (full 0):
 garbage-first heap   total 462848K, used 400379K [0x0000000080000000, 0x0000000100000000)
  region size 1024K, 133 young (136192K), 1 survivors (1024K)
 Metaspace       used 186175K, committed 187456K, reserved 1212416K
  class space    used 24478K, committed 25088K, reserved 1048576K
}
Event: 289.332 GC heap after
{Heap after GC invocations=76 (full 0):
 garbage-first heap   total 462848K, used 266862K [0x0000000080000000, 0x0000000100000000)
  region size 1024K, 10 young (10240K), 10 survivors (10240K)
 Metaspace       used 186175K, committed 187456K, reserved 1212416K
  class space    used 24478K, committed 25088K, reserved 1048576K
}
Event: 289.506 GC heap before
{Heap before GC invocations=76 (full 0):
 garbage-first heap   total 462848K, used 279150K [0x0000000080000000, 0x0000000100000000)
  region size 1024K, 22 young (22528K), 10 survivors (10240K)
 Metaspace       used 186182K, committed 187520K, reserved 1212416K
  class space    used 24479K, committed 25088K, reserved 1048576K
}
Event: 289.515 GC heap after
{Heap after GC invocations=77 (full 0):
 garbage-first heap   total 462848K, used 262689K [0x0000000080000000, 0x0000000100000000)
  region size 1024K, 2 young (2048K), 2 survivors (2048K)
 Metaspace       used 186182K, committed 187520K, reserved 1212416K
  class space    used 24479K, committed 25088K, reserved 1048576K
}
Event: 403.563 GC heap before
{Heap before GC invocations=77 (full 0):
 garbage-first heap   total 462848K, used 390689K [0x0000000080000000, 0x0000000100000000)
  region size 1024K, 127 young (130048K), 2 survivors (2048K)
 Metaspace       used 197049K, committed 198464K, reserved 1220608K
  class space    used 26189K, committed 26880K, reserved 1048576K
}
Event: 403.572 GC heap after
{Heap after GC invocations=78 (full 0):
 garbage-first heap   total 462848K, used 270384K [0x0000000080000000, 0x0000000100000000)
  region size 1024K, 10 young (10240K), 10 survivors (10240K)
 Metaspace       used 197049K, committed 198464K, reserved 1220608K
  class space    used 26189K, committed 26880K, reserved 1048576K
}
Event: 406.097 GC heap before
{Heap before GC invocations=79 (full 0):
 garbage-first heap   total 462848K, used 398384K [0x0000000080000000, 0x0000000100000000)
  region size 1024K, 128 young (131072K), 10 survivors (10240K)
 Metaspace       used 208690K, committed 210176K, reserved 1236992K
  class space    used 27605K, committed 28352K, reserved 1048576K
}
Event: 406.108 GC heap after
{Heap after GC invocations=80 (full 0):
 garbage-first heap   total 462848K, used 280957K [0x0000000080000000, 0x0000000100000000)
  region size 1024K, 11 young (11264K), 11 survivors (11264K)
 Metaspace       used 208690K, committed 210176K, reserved 1236992K
  class space    used 27605K, committed 28352K, reserved 1048576K
}
Event: 406.186 GC heap before
{Heap before GC invocations=80 (full 0):
 garbage-first heap   total 462848K, used 292221K [0x0000000080000000, 0x0000000100000000)
  region size 1024K, 22 young (22528K), 11 survivors (11264K)
 Metaspace       used 208690K, committed 210176K, reserved 1236992K
  class space    used 27605K, committed 28352K, reserved 1048576K
}
Event: 406.194 GC heap after
{Heap after GC invocations=81 (full 0):
 garbage-first heap   total 462848K, used 280474K [0x0000000080000000, 0x0000000100000000)
  region size 1024K, 2 young (2048K), 2 survivors (2048K)
 Metaspace       used 208690K, committed 210176K, reserved 1236992K
  class space    used 27605K, committed 28352K, reserved 1048576K
}
Event: 410.816 GC heap before
{Heap before GC invocations=81 (full 0):
 garbage-first heap   total 462848K, used 391066K [0x0000000080000000, 0x0000000100000000)
  region size 1024K, 111 young (113664K), 2 survivors (2048K)
 Metaspace       used 221272K, committed 222848K, reserved 1245184K
  class space    used 29440K, committed 30208K, reserved 1048576K
}
Event: 410.826 GC heap after
{Heap after GC invocations=82 (full 0):
 garbage-first heap   total 462848K, used 289048K [0x0000000080000000, 0x0000000100000000)
  region size 1024K, 11 young (11264K), 11 survivors (11264K)
 Metaspace       used 221272K, committed 222848K, reserved 1245184K
  class space    used 29440K, committed 30208K, reserved 1048576K
}

